<?xml version="1.0" encoding="UTF-8"?>
<robot generator="Robot 7.2.2 (Python 3.13.2 on darwin)" generated="2025-04-22T14:43:17.962439" rpa="false" schemaversion="5">
<suite id="s1" name="Howl" source="/Users/monicasoberon/Desktop/TEC/Cálidad/saucedemo/testcases/howl.robot">
<test id="s1-t1" name="Hacer login" line="9">
<kw name="Log" owner="BuiltIn">
<msg time="2025-04-22T14:43:18.013544" level="INFO">Inicia la prueba</msg>
<arg>Inicia la prueba</arg>
<doc>Logs the given message with the given level.</doc>
<status status="PASS" start="2025-04-22T14:43:18.013465" elapsed="0.000106"/>
</kw>
<kw name="New Browser" owner="Browser">
<msg time="2025-04-22T14:43:18.013895" level="INFO">{"browser": "chromium", "headless": false, "chromiumSandbox": false, "devtools": false, "handleSIGHUP": true, "handleSIGINT": true, "handleSIGTERM": true, "slowMo": 0.0, "timeout": 30000.0, "tracesDir": "/Users/monicasoberon/Desktop/TEC/Ca\u0301lidad/saucedemo/results/browser/traces/temp/96dc90d3-2969-430e-8c8b-3634f9da10b9"}</msg>
<msg time="2025-04-22T14:43:18.027129" level="INFO">Starting Browser process /Users/monicasoberon/Desktop/TEC/Cálidad/saucedemo/venv/lib/python3.13/site-packages/Browser/wrapper/index.js using port 60232</msg>
<msg time="2025-04-22T14:43:18.027248" level="INFO">Node startup parameters: ['node', '/Users/monicasoberon/Desktop/TEC/Cálidad/saucedemo/venv/lib/python3.13/site-packages/Browser/wrapper/index.js', '60232']</msg>
<msg time="2025-04-22T14:43:21.135148" level="INFO">Successfully created browser with options: {"browser":"chromium","headless":false,"chromiumSandbox":false,"devtools":false,"handleSIGHUP":true,"handleSIGINT":true,"handleSIGTERM":true,"slowMo":0,"timeout":30000,"tracesDir":"/Users/monicasoberon/Desktop/TEC/Cálidad/saucedemo/results/browser/traces/temp/96dc90d3-2969-430e-8c8b-3634f9da10b9"}</msg>
<arg>chromium</arg>
<arg>headless=False</arg>
<tag>BrowserControl</tag>
<tag>Setter</tag>
<doc>Create a new playwright Browser with specified options.</doc>
<status status="PASS" start="2025-04-22T14:43:18.013657" elapsed="3.121741"/>
</kw>
<kw name="New Context" owner="Browser">
<msg time="2025-04-22T14:43:21.137250" level="INFO">{
  "acceptDownloads": true,
  "bypassCSP": false,
  "forcedColors": "none",
  "ignoreHTTPSErrors": false,
  "javaScriptEnabled": true,
  "offline": false,
  "reducedMotion": "no-preference",
  "serviceWorkers": "allow",
  "viewport": {
    "height": 720,
    "width": 1280
  }
}</msg>
<msg time="2025-04-22T14:43:21.161536" level="INFO">Successfully created context. </msg>
<msg time="2025-04-22T14:43:21.161599" level="INFO">{'acceptDownloads': True, 'bypassCSP': False, 'forcedColors': 'none', 'ignoreHTTPSErrors': False, 'javaScriptEnabled': True, 'offline': False, 'reducedMotion': 'no-preference', 'serviceWorkers': 'allow', 'viewport': {'height': 720, 'width': 1280}}</msg>
<arg>viewport={"width": 1280, "height": 720}</arg>
<tag>BrowserControl</tag>
<tag>Setter</tag>
<doc>Create a new BrowserContext with specified options.</doc>
<status status="PASS" start="2025-04-22T14:43:21.135671" elapsed="0.025971"/>
</kw>
<kw name="New Page" owner="Browser">
<msg time="2025-04-22T14:43:22.872550" level="INFO">Successfully initialized new page object and opened url: https://automationplayground.com/crm/</msg>
<arg>https://automationplayground.com/crm/</arg>
<tag>BrowserControl</tag>
<tag>Setter</tag>
<doc>Open a new Page.</doc>
<status status="PASS" start="2025-04-22T14:43:21.161784" elapsed="1.710943"/>
</kw>
<kw name="Sleep" owner="BuiltIn">
<msg time="2025-04-22T14:43:25.874398" level="INFO">Slept 3 seconds.</msg>
<arg>3s</arg>
<doc>Pauses the test executed for the given time.</doc>
<status status="PASS" start="2025-04-22T14:43:22.872963" elapsed="3.001852"/>
</kw>
<kw name="Close Browser" owner="Browser">
<msg time="2025-04-22T14:43:25.983299" level="INFO">Closed browser</msg>
<tag>BrowserControl</tag>
<tag>Setter</tag>
<doc>Closes the current browser.</doc>
<status status="PASS" start="2025-04-22T14:43:25.875655" elapsed="0.107736"/>
</kw>
<doc>Hacer login en la aplicación</doc>
<status status="PASS" start="2025-04-22T14:43:18.013105" elapsed="7.970433"/>
</test>
<doc>Test cases for the Howl application</doc>
<status status="PASS" start="2025-04-22T14:43:17.962939" elapsed="8.023281"/>
</suite>
<statistics>
<total>
<stat pass="1" fail="0" skip="0">All Tests</stat>
</total>
<tag>
</tag>
<suite>
<stat name="Howl" id="s1" pass="1" fail="0" skip="0">Howl</stat>
</suite>
</statistics>
<errors>
</errors>
</robot>
